# JRE version: OpenJDK Runtime Environment Temurin-21.0.11+10 (21.0.11+10) (build 21.0.11+10-LTS)
# Java VM: OpenJDK 64-Bit Server VM Temurin-21.0.11+10 (21.0.11+10-LTS, mixed mode, sharing, tiered, compressed oops, compressed class ptrs, g1 gc, windows-amd64)
GC Precious Log:
 CardTable entry size: 512
 Card Set container configuration: InlinePtr #cards 5 size 8 Array Of Cards #cards 12 size 40 Howl #buckets 4 coarsen threshold 1843 Howl Bitmap #cards 512 size 80 coarsen threshold 460 Card regions per heap region 1 cards per card region 2048
 CPUs: 8 total, 8 available
 Memory: 5877M
 Large Page Support: Disabled
 NUMA Support: Disabled
 Compressed Oops: Enabled (32-bit)
 Heap Region Size: 1M
 Heap Min Capacity: 8M
 Heap Initial Capacity: 92M
 Heap Max Capacity: 1G
 Pre-touch: Disabled
 Parallel Workers: 8
 Concurrent Workers: 2
 Concurrent Refinement Workers: 8
 Periodic GC: Disabled
Heap:
 garbage-first heap   total 149504K, used 88897K [0x00000000c0000000, 0x0000000100000000)
  region size 1024K, 27 young (27648K), 6 survivors (6144K)
 Metaspace       used 91592K, committed 92672K, reserved 1179648K
  class space    used 12581K, committed 13056K, reserved 1048576K
GC Heap History (20 events):
Event: 19.096 GC heap before
{Heap before GC invocations=17 (full 0):
 garbage-first heap   total 67584K, used 58999K [0x00000000c0000000, 0x0000000100000000)
  region size 1024K, 27 young (27648K), 3 survivors (3072K)
 Metaspace       used 73172K, committed 73728K, reserved 1114112K
  class space    used 10135K, committed 10368K, reserved 1048576K
}
Event: 19.102 GC heap after
{Heap after GC invocations=18 (full 0):
 garbage-first heap   total 67584K, used 37293K [0x00000000c0000000, 0x0000000100000000)
  region size 1024K, 2 young (2048K), 2 survivors (2048K)
 Metaspace       used 73172K, committed 73728K, reserved 1114112K
  class space    used 10135K, committed 10368K, reserved 1048576K
}
Event: 19.360 GC heap before
{Heap before GC invocations=19 (full 0):
 garbage-first heap   total 67584K, used 60845K [0x00000000c0000000, 0x0000000100000000)
  region size 1024K, 25 young (25600K), 2 survivors (2048K)
 Metaspace       used 73590K, committed 74240K, reserved 1114112K
  class space    used 10191K, committed 10432K, reserved 1048576K
}
Event: 19.364 GC heap after
{Heap after GC invocations=20 (full 0):
 garbage-first heap   total 67584K, used 38891K [0x00000000c0000000, 0x0000000100000000)
  region size 1024K, 4 young (4096K), 4 survivors (4096K)
 Metaspace       used 73590K, committed 74240K, reserved 1114112K
  class space    used 10191K, committed 10432K, reserved 1048576K
}
Event: 19.541 GC heap before
{Heap before GC invocations=20 (full 0):
 garbage-first heap   total 67584K, used 61419K [0x00000000c0000000, 0x0000000100000000)
  region size 1024K, 26 young (26624K), 4 survivors (4096K)
 Metaspace       used 73746K, committed 74432K, reserved 1114112K
  class space    used 10199K, committed 10496K, reserved 1048576K
}
Event: 19.553 GC heap after
{Heap after GC invocations=21 (full 0):
 garbage-first heap   total 83968K, used 41601K [0x00000000c0000000, 0x0000000100000000)
  region size 1024K, 4 young (4096K), 4 survivors (4096K)
 Metaspace       used 73746K, committed 74432K, reserved 1114112K
  class space    used 10199K, committed 10496K, reserved 1048576K
}
Event: 19.675 GC heap before
{Heap before GC invocations=21 (full 0):
 garbage-first heap   total 83968K, used 73345K [0x00000000c0000000, 0x0000000100000000)
  region size 1024K, 35 young (35840K), 4 survivors (4096K)
 Metaspace       used 73758K, committed 74432K, reserved 1114112K
  class space    used 10200K, committed 10496K, reserved 1048576K
}
Event: 19.686 GC heap after
{Heap after GC invocations=22 (full 0):
 garbage-first heap   total 83968K, used 44954K [0x00000000c0000000, 0x0000000100000000)
  region size 1024K, 5 young (5120K), 5 survivors (5120K)
 Metaspace       used 73758K, committed 74432K, reserved 1114112K
  class space    used 10200K, committed 10496K, reserved 1048576K
}
Event: 19.740 GC heap before
{Heap before GC invocations=22 (full 0):
 garbage-first heap   total 83968K, used 74650K [0x00000000c0000000, 0x0000000100000000)
  region size 1024K, 34 young (34816K), 5 survivors (5120K)
 Metaspace       used 73759K, committed 74432K, reserved 1114112K
  class space    used 10200K, committed 10496K, reserved 1048576K
}
Event: 19.758 GC heap after
{Heap after GC invocations=23 (full 0):
 garbage-first heap   total 90112K, used 55296K [0x00000000c0000000, 0x0000000100000000)
  region size 1024K, 5 young (5120K), 5 survivors (5120K)
 Metaspace       used 73759K, committed 74432K, reserved 1114112K
  class space    used 10200K, committed 10496K, reserved 1048576K
}
Event: 19.909 GC heap before
{Heap before GC invocations=24 (full 0):
 garbage-first heap   total 92160K, used 77824K [0x00000000c0000000, 0x0000000100000000)
  region size 1024K, 27 young (27648K), 5 survivors (5120K)
 Metaspace       used 74093K, committed 74752K, reserved 1114112K
  class space    used 10244K, committed 10560K, reserved 1048576K
}
Event: 19.917 GC heap after
{Heap after GC invocations=25 (full 0):
 garbage-first heap   total 92160K, used 56814K [0x00000000c0000000, 0x0000000100000000)
  region size 1024K, 1 young (1024K), 1 survivors (1024K)
 Metaspace       used 74093K, committed 74752K, reserved 1114112K
  class space    used 10244K, committed 10560K, reserved 1048576K
}
Event: 20.125 GC heap before
{Heap before GC invocations=25 (full 0):
 garbage-first heap   total 92160K, used 80366K [0x00000000c0000000, 0x0000000100000000)
  region size 1024K, 24 young (24576K), 1 survivors (1024K)
 Metaspace       used 74620K, committed 75328K, reserved 1114112K
  class space    used 10284K, committed 10624K, reserved 1048576K
}
Event: 20.131 GC heap after
{Heap after GC invocations=26 (full 0):
 garbage-first heap   total 92160K, used 57726K [0x00000000c0000000, 0x0000000100000000)
  region size 1024K, 3 young (3072K), 3 survivors (3072K)
 Metaspace       used 74620K, committed 75328K, reserved 1114112K
  class space    used 10284K, committed 10624K, reserved 1048576K
}
Event: 20.393 GC heap before
{Heap before GC invocations=26 (full 0):
 garbage-first heap   total 92160K, used 81278K [0x00000000c0000000, 0x0000000100000000)
  region size 1024K, 26 young (26624K), 3 survivors (3072K)
 Metaspace       used 75657K, committed 76416K, reserved 1179648K
  class space    used 10392K, committed 10752K, reserved 1048576K
}
Event: 20.400 GC heap after
{Heap after GC invocations=27 (full 0):
 garbage-first heap   total 149504K, used 60027K [0x00000000c0000000, 0x0000000100000000)
  region size 1024K, 4 young (4096K), 4 survivors (4096K)
 Metaspace       used 75657K, committed 76416K, reserved 1179648K
  class space    used 10392K, committed 10752K, reserved 1048576K
}
Event: 21.619 GC heap before
{Heap before GC invocations=28 (full 0):
 garbage-first heap   total 149504K, used 120443K [0x00000000c0000000, 0x0000000100000000)
  region size 1024K, 64 young (65536K), 4 survivors (4096K)
 Metaspace       used 80974K, committed 81920K, reserved 1179648K
  class space    used 11089K, committed 11520K, reserved 1048576K
}
Event: 21.632 GC heap after
{Heap after GC invocations=29 (full 0):
 garbage-first heap   total 149504K, used 64512K [0x00000000c0000000, 0x0000000100000000)
  region size 1024K, 8 young (8192K), 8 survivors (8192K)
 Metaspace       used 80974K, committed 81920K, reserved 1179648K
  class space    used 11089K, committed 11520K, reserved 1048576K
}
Event: 101.802 GC heap before
{Heap before GC invocations=29 (full 0):
 garbage-first heap   total 149504K, used 124928K [0x00000000c0000000, 0x0000000100000000)
  region size 1024K, 68 young (69632K), 8 survivors (8192K)
 Metaspace       used 89633K, committed 90624K, reserved 1179648K
  class space    used 12352K, committed 12800K, reserved 1048576K
}
Event: 101.816 GC heap after
{Heap after GC invocations=30 (full 0):
 garbage-first heap   total 149504K, used 68417K [0x00000000c0000000, 0x0000000100000000)
  region size 1024K, 6 young (6144K), 6 survivors (6144K)
 Metaspace       used 89633K, committed 90624K, reserved 1179648K
  class space    used 12352K, committed 12800K, reserved 1048576K
}

