# JRE version: OpenJDK Runtime Environment Temurin-21.0.11+10 (21.0.11+10) (build 21.0.11+10-LTS)
# Java VM: OpenJDK 64-Bit Server VM Temurin-21.0.11+10 (21.0.11+10-LTS, mixed mode, sharing, tiered, compressed oops, compressed class ptrs, g1 gc, windows-amd64)
GC Precious Log:
 CardTable entry size: 512
 Card Set container configuration: InlinePtr #cards 5 size 8 Array Of Cards #cards 12 size 40 Howl #buckets 4 coarsen threshold 1843 Howl Bitmap #cards 512 size 80 coarsen threshold 460 Card regions per heap region 1 cards per card region 2048
 CPUs: 8 total, 8 available
 Memory: 5877M
 Large Page Support: Disabled
 NUMA Support: Disabled
 Compressed Oops: Enabled (32-bit)
 Heap Region Size: 1M
 Heap Min Capacity: 8M
 Heap Initial Capacity: 92M
 Heap Max Capacity: 1470M
 Pre-touch: Disabled
 Parallel Workers: 8
 Concurrent Workers: 2
 Concurrent Refinement Workers: 8
 Periodic GC: Disabled
Heap:
 garbage-first heap   total 161792K, used 81009K [0x00000000a4200000, 0x0000000100000000)
  region size 1024K, 21 young (21504K), 7 survivors (7168K)
 Metaspace       used 86962K, committed 87872K, reserved 1179648K
  class space    used 11925K, committed 12352K, reserved 1048576K
GC Heap History (20 events):
Event: 16.301 GC heap before
{Heap before GC invocations=18 (full 0):
 garbage-first heap   total 66560K, used 59705K [0x00000000a4200000, 0x0000000100000000)
  region size 1024K, 31 young (31744K), 2 survivors (2048K)
 Metaspace       used 67056K, committed 67712K, reserved 1114112K
  class space    used 9129K, committed 9408K, reserved 1048576K
}
Event: 16.308 GC heap after
{Heap after GC invocations=19 (full 0):
 garbage-first heap   total 66560K, used 33565K [0x00000000a4200000, 0x0000000100000000)
  region size 1024K, 4 young (4096K), 4 survivors (4096K)
 Metaspace       used 67056K, committed 67712K, reserved 1114112K
  class space    used 9129K, committed 9408K, reserved 1048576K
}
Event: 16.818 GC heap before
{Heap before GC invocations=19 (full 0):
 garbage-first heap   total 66560K, used 59165K [0x00000000a4200000, 0x0000000100000000)
  region size 1024K, 30 young (30720K), 4 survivors (4096K)
 Metaspace       used 71416K, committed 72000K, reserved 1114112K
  class space    used 9931K, committed 10176K, reserved 1048576K
}
Event: 16.829 GC heap after
{Heap after GC invocations=20 (full 0):
 garbage-first heap   total 68608K, used 36631K [0x00000000a4200000, 0x0000000100000000)
  region size 1024K, 3 young (3072K), 3 survivors (3072K)
 Metaspace       used 71416K, committed 72000K, reserved 1114112K
  class space    used 9931K, committed 10176K, reserved 1048576K
}
Event: 17.139 GC heap before
{Heap before GC invocations=20 (full 0):
 garbage-first heap   total 68608K, used 62231K [0x00000000a4200000, 0x0000000100000000)
  region size 1024K, 28 young (28672K), 3 survivors (3072K)
 Metaspace       used 73284K, committed 73920K, reserved 1114112K
  class space    used 10142K, committed 10368K, reserved 1048576K
}
Event: 17.147 GC heap after
{Heap after GC invocations=21 (full 0):
 garbage-first heap   total 68608K, used 38565K [0x00000000a4200000, 0x0000000100000000)
  region size 1024K, 2 young (2048K), 2 survivors (2048K)
 Metaspace       used 73284K, committed 73920K, reserved 1114112K
  class space    used 10142K, committed 10368K, reserved 1048576K
}
Event: 17.416 GC heap before
{Heap before GC invocations=22 (full 0):
 garbage-first heap   total 68608K, used 62117K [0x00000000a4200000, 0x0000000100000000)
  region size 1024K, 25 young (25600K), 2 survivors (2048K)
 Metaspace       used 73616K, committed 74304K, reserved 1114112K
  class space    used 10190K, committed 10496K, reserved 1048576K
}
Event: 17.421 GC heap after
{Heap after GC invocations=23 (full 0):
 garbage-first heap   total 68608K, used 40391K [0x00000000a4200000, 0x0000000100000000)
  region size 1024K, 4 young (4096K), 4 survivors (4096K)
 Metaspace       used 73616K, committed 74304K, reserved 1114112K
  class space    used 10190K, committed 10496K, reserved 1048576K
}
Event: 17.512 GC heap before
{Heap before GC invocations=23 (full 0):
 garbage-first heap   total 68608K, used 61895K [0x00000000a4200000, 0x0000000100000000)
  region size 1024K, 25 young (25600K), 4 survivors (4096K)
 Metaspace       used 73692K, committed 74368K, reserved 1114112K
  class space    used 10194K, committed 10496K, reserved 1048576K
}
Event: 17.523 GC heap after
{Heap after GC invocations=24 (full 0):
 garbage-first heap   total 70656K, used 43806K [0x00000000a4200000, 0x0000000100000000)
  region size 1024K, 4 young (4096K), 4 survivors (4096K)
 Metaspace       used 73692K, committed 74368K, reserved 1114112K
  class space    used 10194K, committed 10496K, reserved 1048576K
}
Event: 17.601 GC heap before
{Heap before GC invocations=24 (full 0):
 garbage-first heap   total 70656K, used 63262K [0x00000000a4200000, 0x0000000100000000)
  region size 1024K, 23 young (23552K), 4 survivors (4096K)
 Metaspace       used 73725K, committed 74368K, reserved 1114112K
  class space    used 10198K, committed 10496K, reserved 1048576K
}
Event: 17.607 GC heap after
{Heap after GC invocations=25 (full 0):
 garbage-first heap   total 70656K, used 45440K [0x00000000a4200000, 0x0000000100000000)
  region size 1024K, 2 young (2048K), 2 survivors (2048K)
 Metaspace       used 73725K, committed 74368K, reserved 1114112K
  class space    used 10198K, committed 10496K, reserved 1048576K
}
Event: 17.667 GC heap before
{Heap before GC invocations=26 (full 0):
 garbage-first heap   total 76800K, used 63872K [0x00000000a4200000, 0x0000000100000000)
  region size 1024K, 20 young (20480K), 2 survivors (2048K)
 Metaspace       used 73729K, committed 74432K, reserved 1114112K
  class space    used 10198K, committed 10496K, reserved 1048576K
}
Event: 17.670 GC heap after
{Heap after GC invocations=27 (full 0):
 garbage-first heap   total 76800K, used 46257K [0x00000000a4200000, 0x0000000100000000)
  region size 1024K, 3 young (3072K), 3 survivors (3072K)
 Metaspace       used 73729K, committed 74432K, reserved 1114112K
  class space    used 10198K, committed 10496K, reserved 1048576K
}
Event: 17.710 GC heap before
{Heap before GC invocations=27 (full 0):
 garbage-first heap   total 76800K, used 68785K [0x00000000a4200000, 0x0000000100000000)
  region size 1024K, 25 young (25600K), 3 survivors (3072K)
 Metaspace       used 73729K, committed 74432K, reserved 1114112K
  class space    used 10198K, committed 10496K, reserved 1048576K
}
Event: 17.725 GC heap after
{Heap after GC invocations=28 (full 0):
 garbage-first heap   total 161792K, used 53248K [0x00000000a4200000, 0x0000000100000000)
  region size 1024K, 4 young (4096K), 4 survivors (4096K)
 Metaspace       used 73729K, committed 74432K, reserved 1114112K
  class space    used 10198K, committed 10496K, reserved 1048576K
}
Event: 18.709 GC heap before
{Heap before GC invocations=28 (full 0):
 garbage-first heap   total 161792K, used 142336K [0x00000000a4200000, 0x0000000100000000)
  region size 1024K, 92 young (94208K), 4 survivors (4096K)
 Metaspace       used 77988K, committed 78912K, reserved 1179648K
  class space    used 10670K, committed 11136K, reserved 1048576K
}
Event: 18.725 GC heap after
{Heap after GC invocations=29 (full 0):
 garbage-first heap   total 161792K, used 61440K [0x00000000a4200000, 0x0000000100000000)
  region size 1024K, 12 young (12288K), 12 survivors (12288K)
 Metaspace       used 77988K, committed 78912K, reserved 1179648K
  class space    used 10670K, committed 11136K, reserved 1048576K
}
Event: 65.113 GC heap before
{Heap before GC invocations=29 (full 0):
 garbage-first heap   total 161792K, used 139264K [0x00000000a4200000, 0x0000000100000000)
  region size 1024K, 88 young (90112K), 12 survivors (12288K)
 Metaspace       used 86444K, committed 87424K, reserved 1179648K
  class space    used 11836K, committed 12288K, reserved 1048576K
}
Event: 65.127 GC heap after
{Heap after GC invocations=30 (full 0):
 garbage-first heap   total 161792K, used 67697K [0x00000000a4200000, 0x0000000100000000)
  region size 1024K, 7 young (7168K), 7 survivors (7168K)
 Metaspace       used 86444K, committed 87424K, reserved 1179648K
  class space    used 11836K, committed 12288K, reserved 1048576K
}

